controlplane $
controlplane $
controlplane $ kubectl get pods
No resources found in default namespace.
controlplane $ kubectl get replicatset
error: the server doesn't have a resource type "replicatset"
controlplane $ kubectl get replicaset.apps
No resources found in default namespace.
controlplane $ kubectl get replicaset.apps
No resources found in default namespace.
controlplane $ kubectl get replicaset.apps
NAME                             DESIRED   CURRENT   READY   AGE
frontend-deployment-56d8ff5458   4         4         0       42s
controlplane $ kubectl get replicaset.apps
NAME                             DESIRED   CURRENT   READY   AGE
frontend-deployment-56d8ff5458   4         4         0       63s
controlplane $ kubectl get pods
NAME                                   READY   STATUS             RESTARTS   AGE
frontend-deployment-56d8ff5458-fnfxq   0/1     ImagePullBackOff   0          86s
frontend-deployment-56d8ff5458-gp6qd   0/1     ImagePullBackOff   0          86s
frontend-deployment-56d8ff5458-rf468   0/1     ImagePullBackOff   0          86s
frontend-deployment-56d8ff5458-xvq25   0/1     ImagePullBackOff   0          86s
controlplane $ kubectl describe deploymen
error: the server doesn't have a resource type "deploymen"
controlplane $ kubectl describe deploymens
error: the server doesn't have a resource type "deploymens"
controlplane $ kubectl describe deployments
Name:                   frontend-deployment
Namespace:              default
CreationTimestamp:      Wed, 09 Dec 2020 04:49:06 +0000
Labels:                 <none>
Annotations:            deployment.kubernetes.io/revision: 1
Selector:               name=busybox-pod
Replicas:               4 desired | 4 updated | 4 total | 0 available | 4 unavailable
StrategyType:           RollingUpdate
MinReadySeconds:        0
RollingUpdateStrategy:  25% max unavailable, 25% max surge
Pod Template:
  Labels:  name=busybox-pod
  Containers:
   busybox-container:
    Image:      busybox888
    Port:       <none>
    Host Port:  <none>
    Command:
      sh
      -c
      echo Hello Kubernetes! && sleep 3600
    Environment:  <none>
    Mounts:       <none>
  Volumes:        <none>
Conditions:
  Type           Status  Reason
  ----           ------  ------
  Available      False   MinimumReplicasUnavailable
  Progressing    True    ReplicaSetUpdated
OldReplicaSets:  <none>
NewReplicaSet:   frontend-deployment-56d8ff5458 (4/4 replicas created)
Events:
  Type    Reason             Age    From                   Message
  ----    ------             ----   ----                   -------
  Normal  ScalingReplicaSet  3m12s  deployment-controller  Scaled up replica set frontend-deployment-56d8ff5458 to 4
controlplane $ kubectl describe deployments | grep image
controlplane $ kubectl describe deployments | grep -i image
    Image:      busybox888
controlplane $ kubectl get pods
NAME                                   READY   STATUS             RESTARTS   AGE
frontend-deployment-56d8ff5458-fnfxq   0/1     ImagePullBackOff   0          4m32s
frontend-deployment-56d8ff5458-gp6qd   0/1     ImagePullBackOff   0          4m32s
frontend-deployment-56d8ff5458-rf468   0/1     ImagePullBackOff   0          4m32s
frontend-deployment-56d8ff5458-xvq25   0/1     ImagePullBackOff   0          4m32s
controlplane $ kubectl describe pod frontend-deployment-56d8ff5458-fnfxq
Name:         frontend-deployment-56d8ff5458-fnfxq
Namespace:    default
Priority:     0
Node:         node01/172.17.0.18
Start Time:   Wed, 09 Dec 2020 04:49:06 +0000
Labels:       name=busybox-pod
              pod-template-hash=56d8ff5458
Annotations:  <none>
Status:       Pending
IP:           10.244.1.5
IPs:
  IP:           10.244.1.5
Controlled By:  ReplicaSet/frontend-deployment-56d8ff5458
Containers:
  busybox-container:
    Container ID:
    Image:         busybox888
    Image ID:
    Port:          <none>
    Host Port:     <none>
    Command:
      sh
      -c
      echo Hello Kubernetes! && sleep 3600
    State:          Waiting
      Reason:       ImagePullBackOff
    Ready:          False
    Restart Count:  0
    Environment:    <none>
    Mounts:
      /var/run/secrets/kubernetes.io/serviceaccount from default-token-bzbbw (ro)
Conditions:
  Type              Status
  Initialized       True
  Ready             False
  ContainersReady   False
  PodScheduled      True
Volumes:
  default-token-bzbbw:
    Type:        Secret (a volume populated by a Secret)
    SecretName:  default-token-bzbbw
    Optional:    false
QoS Class:       BestEffort
Node-Selectors:  <none>
Tolerations:     node.kubernetes.io/not-ready:NoExecute op=Exists for 300s
                 node.kubernetes.io/unreachable:NoExecute op=Exists for 300s
Events:
  Type     Reason     Age                    From               Message
  ----     ------     ----                   ----               -------
  Normal   Scheduled  4m47s                  default-scheduler  Successfully assigned default/frontend-deployment-56d8ff5458-fnfxq to node01
  Normal   Pulling    3m18s (x4 over 4m44s)  kubelet, node01    Pulling image "busybox888"
  Warning  Failed     3m17s (x4 over 4m42s)  kubelet, node01    Failed to pull image "busybox888": rpc error: code = Unknown desc = Error response from daemon: pull access denied for busybox888, repository does not exist or may require 'docker login': denied: requested access to the resource is denied
  Warning  Failed     3m17s (x4 over 4m42s)  kubelet, node01    Error: ErrImagePull
  Normal   BackOff    2m52s (x6 over 4m41s)  kubelet, node01    Back-off pulling image "busybox888"
  Warning  Failed     2m40s (x7 over 4m41s)  kubelet, node01    Error: ImagePullBackOff
controlplane $
controlplane $
controlplane $ kubectl apply -f deployment-definition-1.yaml
Error from server (BadRequest): error when creating "deployment-definition-1.yaml": deployment in version "v1" cannot be handled as a Deployment: no kind "deployment" is registered for version "apps/v1" in scheme "k8s.io/kubernetes/pkg/api/legacyscheme/scheme.go:30"
controlplane $ vi deployment-definition-1.yaml
controlplane $ kubectl apply -f deployment-definition-1.yaml
deployment.apps/deployment-1 created
controlplane $
controlplane $ kubectl create deployment httpd-frontend --image=httpd:2.4-alpine
deployment.apps/httpd-frontend created
controlplane $ kubectl scale deployment --replicas=3
error: resource(s) were provided, but no name, label selector, or --all flag specified
controlplane $ kubectl scale deployment --replicas=3
error: resource(s) were provided, but no name, label selector, or --all flag specified
controlplane $ kubectl scale deployment --replicas=3
error: resource(s) were provided, but no name, label selector, or --all flag specified
controlplane $ kubectl scale deployment --replicas=3 httpd-frontend
deployment.apps/httpd-frontend scaled
controlplane $ Connection to host01 closed by remote host.
Connection to host01 closed.

The environment has expired.
