controlplane $
controlplane $
controlplane $ kubectl get service
NAME         TYPE        CLUSTER-IP   EXTERNAL-IP   PORT(S)   AGE
kubernetes   ClusterIP   10.96.0.1    <none>        443/TCP   3m52s
controlplane $ kubectl describe service
Name:              kubernetes
Namespace:         default
Labels:            component=apiserver
                   provider=kubernetes
Annotations:       <none>
Selector:          <none>
Type:              ClusterIP
IP:                10.96.0.1
Port:              https  443/TCP
TargetPort:        6443/TCP
Endpoints:         172.17.0.20:6443
Session Affinity:  None
Events:            <none>
controlplane $ kubectl get deployment
NAME                       READY   UP-TO-DATE   AVAILABLE   AGE
simple-webapp-deployment   4/4     4            4           85s
controlplane $ kubectl describe deployment
Name:                   simple-webapp-deployment
Namespace:              default
CreationTimestamp:      Thu, 10 Dec 2020 01:04:28 +0000
Labels:                 <none>
Annotations:            deployment.kubernetes.io/revision: 1
Selector:               name=simple-webapp
Replicas:               4 desired | 4 updated | 4 total | 4 available | 0 unavailable
StrategyType:           RollingUpdate
MinReadySeconds:        0
RollingUpdateStrategy:  25% max unavailable, 25% max surge
Pod Template:
  Labels:  name=simple-webapp
  Containers:
   simple-webapp:
    Image:        kodekloud/simple-webapp:red
    Port:         8080/TCP
    Host Port:    0/TCP
    Environment:  <none>
    Mounts:       <none>
  Volumes:        <none>
Conditions:
  Type           Status  Reason
  ----           ------  ------
  Available      True    MinimumReplicasAvailable
  Progressing    True    NewReplicaSetAvailable
OldReplicaSets:  <none>
NewReplicaSet:   simple-webapp-deployment-b56f88b77 (4/4 replicas created)
Events:
  Type    Reason             Age    From                   Message
  ----    ------             ----   ----                   -------
  Normal  ScalingReplicaSet  2m40s  deployment-controller  Scaled up replica set simple-webapp-deployment-b56f88b77 to 4
controlplane $ kubectl describe deployment | grep -i image
    Image:        kodekloud/simple-webapp:red
controlplane $ kubectl expost deployment simple-webapp-deployment --name=webapp-service --target-port=8080 --type=NodePort --port=8080 --dry-run=client -o yaml > svc.yaml
Error: unknown command "expost" for "kubectl"

Did you mean this?
        expose

Run 'kubectl --help' for usage.
controlplane $ kubectl expose deployment simple-webapp-deployment --name=webapp-service --target-port=8080 --type=NodePort --port=8080 --dry-run=client -o yaml > svc.yaml
controlplane $ vi svc.yaml
controlplane $ kubectl apply -f svc.yaml
service/webapp-service created
controlplane $ Connection to host01 closed by remote host.
Connection to host01 closed.

The environment has expired.
